<?xml version="1.0" encoding="UTF-8"?>
<testsuite xmlns:xsi="http://www.w3.org/2001/XMLSchema-instance" xsi:noNamespaceSchemaLocation="https://maven.apache.org/surefire/maven-surefire-plugin/xsd/surefire-test-report.xsd" name="com.shenlan.myserver.AppTest" time="0.019" tests="1" errors="0" skipped="0" failures="0">
  <properties>
    <property name="sun.desktop" value="windows"/>
    <property name="awt.toolkit" value="sun.awt.windows.WToolkit"/>
    <property name="file.encoding.pkg" value="sun.io"/>
    <property name="java.specification.version" value="1.8"/>
    <property name="sun.cpu.isalist" value="amd64"/>
    <property name="sun.jnu.encoding" value="GBK"/>
    <property name="java.class.path" value="D:\EclipseWorkSpace\myserver\target\test-classes;D:\EclipseWorkSpace\myserver\target\classes;D:\softinstall\java\apache-maven-3.6.3\my_local_maven_repository\junit\junit\3.8.1\junit-3.8.1.jar;D:\softinstall\java\apache-maven-3.6.3\my_local_maven_repository\org\springframework\boot\spring-boot-starter-thymeleaf\2.0.0.RELEASE\spring-boot-starter-thymeleaf-2.0.0.RELEASE.jar;D:\softinstall\java\apache-maven-3.6.3\my_local_maven_repository\org\springframework\boot\spring-boot-starter\2.0.0.RELEASE\spring-boot-starter-2.0.0.RELEASE.jar;D:\softinstall\java\apache-maven-3.6.3\my_local_maven_repository\org\springframework\boot\spring-boot\2.0.0.RELEASE\spring-boot-2.0.0.RELEASE.jar;D:\softinstall\java\apache-maven-3.6.3\my_local_maven_repository\org\springframework\boot\spring-boot-autoconfigure\2.0.0.RELEASE\spring-boot-autoconfigure-2.0.0.RELEASE.jar;D:\softinstall\java\apache-maven-3.6.3\my_local_maven_repository\org\springframework\boot\spring-boot-starter-logging\2.0.0.RELEASE\spring-boot-starter-logging-2.0.0.RELEASE.jar;D:\softinstall\java\apache-maven-3.6.3\my_local_maven_repository\ch\qos\logback\logback-classic\1.2.3\logback-classic-1.2.3.jar;D:\softinstall\java\apache-maven-3.6.3\my_local_maven_repository\ch\qos\logback\logback-core\1.2.3\logback-core-1.2.3.jar;D:\softinstall\java\apache-maven-3.6.3\my_local_maven_repository\org\apache\logging\log4j\log4j-to-slf4j\2.10.0\log4j-to-slf4j-2.10.0.jar;D:\softinstall\java\apache-maven-3.6.3\my_local_maven_repository\org\apache\logging\log4j\log4j-api\2.10.0\log4j-api-2.10.0.jar;D:\softinstall\java\apache-maven-3.6.3\my_local_maven_repository\org\slf4j\jul-to-slf4j\1.7.25\jul-to-slf4j-1.7.25.jar;D:\softinstall\java\apache-maven-3.6.3\my_local_maven_repository\javax\annotation\javax.annotation-api\1.3.2\javax.annotation-api-1.3.2.jar;D:\softinstall\java\apache-maven-3.6.3\my_local_maven_repository\org\yaml\snakeyaml\1.19\snakeyaml-1.19.jar;D:\softinstall\java\apache-maven-3.6.3\my_local_maven_repository\org\thymeleaf\thymeleaf-spring5\3.0.9.RELEASE\thymeleaf-spring5-3.0.9.RELEASE.jar;D:\softinstall\java\apache-maven-3.6.3\my_local_maven_repository\org\thymeleaf\thymeleaf\3.0.9.RELEASE\thymeleaf-3.0.9.RELEASE.jar;D:\softinstall\java\apache-maven-3.6.3\my_local_maven_repository\org\attoparser\attoparser\2.0.4.RELEASE\attoparser-2.0.4.RELEASE.jar;D:\softinstall\java\apache-maven-3.6.3\my_local_maven_repository\org\unbescape\unbescape\1.1.5.RELEASE\unbescape-1.1.5.RELEASE.jar;D:\softinstall\java\apache-maven-3.6.3\my_local_maven_repository\org\slf4j\slf4j-api\1.7.25\slf4j-api-1.7.25.jar;D:\softinstall\java\apache-maven-3.6.3\my_local_maven_repository\org\thymeleaf\extras\thymeleaf-extras-java8time\3.0.1.RELEASE\thymeleaf-extras-java8time-3.0.1.RELEASE.jar;D:\softinstall\java\apache-maven-3.6.3\my_local_maven_repository\org\springframework\boot\spring-boot-starter-web\2.0.0.RELEASE\spring-boot-starter-web-2.0.0.RELEASE.jar;D:\softinstall\java\apache-maven-3.6.3\my_local_maven_repository\org\springframework\boot\spring-boot-starter-json\2.0.0.RELEASE\spring-boot-starter-json-2.0.0.RELEASE.jar;D:\softinstall\java\apache-maven-3.6.3\my_local_maven_repository\com\fasterxml\jackson\core\jackson-databind\2.9.4\jackson-databind-2.9.4.jar;D:\softinstall\java\apache-maven-3.6.3\my_local_maven_repository\com\fasterxml\jackson\core\jackson-annotations\2.9.0\jackson-annotations-2.9.0.jar;D:\softinstall\java\apache-maven-3.6.3\my_local_maven_repository\com\fasterxml\jackson\core\jackson-core\2.9.4\jackson-core-2.9.4.jar;D:\softinstall\java\apache-maven-3.6.3\my_local_maven_repository\com\fasterxml\jackson\datatype\jackson-datatype-jdk8\2.9.4\jackson-datatype-jdk8-2.9.4.jar;D:\softinstall\java\apache-maven-3.6.3\my_local_maven_repository\com\fasterxml\jackson\datatype\jackson-datatype-jsr310\2.9.4\jackson-datatype-jsr310-2.9.4.jar;D:\softinstall\java\apache-maven-3.6.3\my_local_maven_repository\com\fasterxml\jackson\module\jackson-module-parameter-names\2.9.4\jackson-module-parameter-names-2.9.4.jar;D:\softinstall\java\apache-maven-3.6.3\my_local_maven_repository\org\springframework\boot\spring-boot-starter-tomcat\2.0.0.RELEASE\spring-boot-starter-tomcat-2.0.0.RELEASE.jar;D:\softinstall\java\apache-maven-3.6.3\my_local_maven_repository\org\apache\tomcat\embed\tomcat-embed-core\8.5.28\tomcat-embed-core-8.5.28.jar;D:\softinstall\java\apache-maven-3.6.3\my_local_maven_repository\org\apache\tomcat\embed\tomcat-embed-el\8.5.28\tomcat-embed-el-8.5.28.jar;D:\softinstall\java\apache-maven-3.6.3\my_local_maven_repository\org\apache\tomcat\embed\tomcat-embed-websocket\8.5.28\tomcat-embed-websocket-8.5.28.jar;D:\softinstall\java\apache-maven-3.6.3\my_local_maven_repository\org\hibernate\validator\hibernate-validator\6.0.7.Final\hibernate-validator-6.0.7.Final.jar;D:\softinstall\java\apache-maven-3.6.3\my_local_maven_repository\javax\validation\validation-api\2.0.1.Final\validation-api-2.0.1.Final.jar;D:\softinstall\java\apache-maven-3.6.3\my_local_maven_repository\org\jboss\logging\jboss-logging\3.3.2.Final\jboss-logging-3.3.2.Final.jar;D:\softinstall\java\apache-maven-3.6.3\my_local_maven_repository\com\fasterxml\classmate\1.3.4\classmate-1.3.4.jar;D:\softinstall\java\apache-maven-3.6.3\my_local_maven_repository\org\springframework\spring-web\5.0.4.RELEASE\spring-web-5.0.4.RELEASE.jar;D:\softinstall\java\apache-maven-3.6.3\my_local_maven_repository\org\springframework\spring-beans\5.0.4.RELEASE\spring-beans-5.0.4.RELEASE.jar;D:\softinstall\java\apache-maven-3.6.3\my_local_maven_repository\org\springframework\spring-webmvc\5.0.4.RELEASE\spring-webmvc-5.0.4.RELEASE.jar;D:\softinstall\java\apache-maven-3.6.3\my_local_maven_repository\org\springframework\spring-aop\5.0.4.RELEASE\spring-aop-5.0.4.RELEASE.jar;D:\softinstall\java\apache-maven-3.6.3\my_local_maven_repository\org\springframework\spring-context\5.0.4.RELEASE\spring-context-5.0.4.RELEASE.jar;D:\softinstall\java\apache-maven-3.6.3\my_local_maven_repository\org\springframework\spring-expression\5.0.4.RELEASE\spring-expression-5.0.4.RELEASE.jar;D:\softinstall\java\apache-maven-3.6.3\my_local_maven_repository\javax\servlet\javax.servlet-api\4.0.0\javax.servlet-api-4.0.0.jar;D:\softinstall\java\apache-maven-3.6.3\my_local_maven_repository\org\springframework\boot\spring-boot-starter-test\2.0.0.RELEASE\spring-boot-starter-test-2.0.0.RELEASE.jar;D:\softinstall\java\apache-maven-3.6.3\my_local_maven_repository\org\springframework\boot\spring-boot-test\2.0.0.RELEASE\spring-boot-test-2.0.0.RELEASE.jar;D:\softinstall\java\apache-maven-3.6.3\my_local_maven_repository\org\springframework\boot\spring-boot-test-autoconfigure\2.0.0.RELEASE\spring-boot-test-autoconfigure-2.0.0.RELEASE.jar;D:\softinstall\java\apache-maven-3.6.3\my_local_maven_repository\com\jayway\jsonpath\json-path\2.4.0\json-path-2.4.0.jar;D:\softinstall\java\apache-maven-3.6.3\my_local_maven_repository\net\minidev\json-smart\2.3\json-smart-2.3.jar;D:\softinstall\java\apache-maven-3.6.3\my_local_maven_repository\net\minidev\accessors-smart\1.2\accessors-smart-1.2.jar;D:\softinstall\java\apache-maven-3.6.3\my_local_maven_repository\org\ow2\asm\asm\5.0.4\asm-5.0.4.jar;D:\softinstall\java\apache-maven-3.6.3\my_local_maven_repository\org\assertj\assertj-core\3.9.1\assertj-core-3.9.1.jar;D:\softinstall\java\apache-maven-3.6.3\my_local_maven_repository\org\mockito\mockito-core\2.15.0\mockito-core-2.15.0.jar;D:\softinstall\java\apache-maven-3.6.3\my_local_maven_repository\net\bytebuddy\byte-buddy\1.7.10\byte-buddy-1.7.10.jar;D:\softinstall\java\apache-maven-3.6.3\my_local_maven_repository\net\bytebuddy\byte-buddy-agent\1.7.10\byte-buddy-agent-1.7.10.jar;D:\softinstall\java\apache-maven-3.6.3\my_local_maven_repository\org\objenesis\objenesis\2.6\objenesis-2.6.jar;D:\softinstall\java\apache-maven-3.6.3\my_local_maven_repository\org\hamcrest\hamcrest-core\1.3\hamcrest-core-1.3.jar;D:\softinstall\java\apache-maven-3.6.3\my_local_maven_repository\org\hamcrest\hamcrest-library\1.3\hamcrest-library-1.3.jar;D:\softinstall\java\apache-maven-3.6.3\my_local_maven_repository\org\skyscreamer\jsonassert\1.5.0\jsonassert-1.5.0.jar;D:\softinstall\java\apache-maven-3.6.3\my_local_maven_repository\com\vaadin\external\google\android-json\0.0.20131108.vaadin1\android-json-0.0.20131108.vaadin1.jar;D:\softinstall\java\apache-maven-3.6.3\my_local_maven_repository\org\springframework\spring-core\5.0.4.RELEASE\spring-core-5.0.4.RELEASE.jar;D:\softinstall\java\apache-maven-3.6.3\my_local_maven_repository\org\springframework\spring-jcl\5.0.4.RELEASE\spring-jcl-5.0.4.RELEASE.jar;D:\softinstall\java\apache-maven-3.6.3\my_local_maven_repository\org\springframework\spring-test\5.0.4.RELEASE\spring-test-5.0.4.RELEASE.jar;D:\softinstall\java\apache-maven-3.6.3\my_local_maven_repository\org\xmlunit\xmlunit-core\2.5.1\xmlunit-core-2.5.1.jar;"/>
    <property name="java.vm.vendor" value="Oracle Corporation"/>
    <property name="sun.arch.data.model" value="64"/>
    <property name="user.variant" value=""/>
    <property name="java.vendor.url" value="http://java.oracle.com/"/>
    <property name="user.timezone" value=""/>
    <property name="java.vm.specification.version" value="1.8"/>
    <property name="os.name" value="Windows 10"/>
    <property name="user.country" value="CN"/>
    <property name="sun.java.launcher" value="SUN_STANDARD"/>
    <property name="sun.boot.library.path" value="D:\softinstall\java\jdk\jre\bin"/>
    <property name="sun.java.command" value="C:\Users\liuxk\AppData\Local\Temp\surefire3108997063514248406\surefirebooter6000581634957777169.jar C:\Users\liuxk\AppData\Local\Temp\surefire3108997063514248406 2020-06-15T15-36-59_692-jvmRun1 surefire5800189399963410058tmp surefire_09221462022168741472tmp"/>
    <property name="surefire.test.class.path" value="D:\EclipseWorkSpace\myserver\target\test-classes;D:\EclipseWorkSpace\myserver\target\classes;D:\softinstall\java\apache-maven-3.6.3\my_local_maven_repository\junit\junit\3.8.1\junit-3.8.1.jar;D:\softinstall\java\apache-maven-3.6.3\my_local_maven_repository\org\springframework\boot\spring-boot-starter-thymeleaf\2.0.0.RELEASE\spring-boot-starter-thymeleaf-2.0.0.RELEASE.jar;D:\softinstall\java\apache-maven-3.6.3\my_local_maven_repository\org\springframework\boot\spring-boot-starter\2.0.0.RELEASE\spring-boot-starter-2.0.0.RELEASE.jar;D:\softinstall\java\apache-maven-3.6.3\my_local_maven_repository\org\springframework\boot\spring-boot\2.0.0.RELEASE\spring-boot-2.0.0.RELEASE.jar;D:\softinstall\java\apache-maven-3.6.3\my_local_maven_repository\org\springframework\boot\spring-boot-autoconfigure\2.0.0.RELEASE\spring-boot-autoconfigure-2.0.0.RELEASE.jar;D:\softinstall\java\apache-maven-3.6.3\my_local_maven_repository\org\springframework\boot\spring-boot-starter-logging\2.0.0.RELEASE\spring-boot-starter-logging-2.0.0.RELEASE.jar;D:\softinstall\java\apache-maven-3.6.3\my_local_maven_repository\ch\qos\logback\logback-classic\1.2.3\logback-classic-1.2.3.jar;D:\softinstall\java\apache-maven-3.6.3\my_local_maven_repository\ch\qos\logback\logback-core\1.2.3\logback-core-1.2.3.jar;D:\softinstall\java\apache-maven-3.6.3\my_local_maven_repository\org\apache\logging\log4j\log4j-to-slf4j\2.10.0\log4j-to-slf4j-2.10.0.jar;D:\softinstall\java\apache-maven-3.6.3\my_local_maven_repository\org\apache\logging\log4j\log4j-api\2.10.0\log4j-api-2.10.0.jar;D:\softinstall\java\apache-maven-3.6.3\my_local_maven_repository\org\slf4j\jul-to-slf4j\1.7.25\jul-to-slf4j-1.7.25.jar;D:\softinstall\java\apache-maven-3.6.3\my_local_maven_repository\javax\annotation\javax.annotation-api\1.3.2\javax.annotation-api-1.3.2.jar;D:\softinstall\java\apache-maven-3.6.3\my_local_maven_repository\org\yaml\snakeyaml\1.19\snakeyaml-1.19.jar;D:\softinstall\java\apache-maven-3.6.3\my_local_maven_repository\org\thymeleaf\thymeleaf-spring5\3.0.9.RELEASE\thymeleaf-spring5-3.0.9.RELEASE.jar;D:\softinstall\java\apache-maven-3.6.3\my_local_maven_repository\org\thymeleaf\thymeleaf\3.0.9.RELEASE\thymeleaf-3.0.9.RELEASE.jar;D:\softinstall\java\apache-maven-3.6.3\my_local_maven_repository\org\attoparser\attoparser\2.0.4.RELEASE\attoparser-2.0.4.RELEASE.jar;D:\softinstall\java\apache-maven-3.6.3\my_local_maven_repository\org\unbescape\unbescape\1.1.5.RELEASE\unbescape-1.1.5.RELEASE.jar;D:\softinstall\java\apache-maven-3.6.3\my_local_maven_repository\org\slf4j\slf4j-api\1.7.25\slf4j-api-1.7.25.jar;D:\softinstall\java\apache-maven-3.6.3\my_local_maven_repository\org\thymeleaf\extras\thymeleaf-extras-java8time\3.0.1.RELEASE\thymeleaf-extras-java8time-3.0.1.RELEASE.jar;D:\softinstall\java\apache-maven-3.6.3\my_local_maven_repository\org\springframework\boot\spring-boot-starter-web\2.0.0.RELEASE\spring-boot-starter-web-2.0.0.RELEASE.jar;D:\softinstall\java\apache-maven-3.6.3\my_local_maven_repository\org\springframework\boot\spring-boot-starter-json\2.0.0.RELEASE\spring-boot-starter-json-2.0.0.RELEASE.jar;D:\softinstall\java\apache-maven-3.6.3\my_local_maven_repository\com\fasterxml\jackson\core\jackson-databind\2.9.4\jackson-databind-2.9.4.jar;D:\softinstall\java\apache-maven-3.6.3\my_local_maven_repository\com\fasterxml\jackson\core\jackson-annotations\2.9.0\jackson-annotations-2.9.0.jar;D:\softinstall\java\apache-maven-3.6.3\my_local_maven_repository\com\fasterxml\jackson\core\jackson-core\2.9.4\jackson-core-2.9.4.jar;D:\softinstall\java\apache-maven-3.6.3\my_local_maven_repository\com\fasterxml\jackson\datatype\jackson-datatype-jdk8\2.9.4\jackson-datatype-jdk8-2.9.4.jar;D:\softinstall\java\apache-maven-3.6.3\my_local_maven_repository\com\fasterxml\jackson\datatype\jackson-datatype-jsr310\2.9.4\jackson-datatype-jsr310-2.9.4.jar;D:\softinstall\java\apache-maven-3.6.3\my_local_maven_repository\com\fasterxml\jackson\module\jackson-module-parameter-names\2.9.4\jackson-module-parameter-names-2.9.4.jar;D:\softinstall\java\apache-maven-3.6.3\my_local_maven_repository\org\springframework\boot\spring-boot-starter-tomcat\2.0.0.RELEASE\spring-boot-starter-tomcat-2.0.0.RELEASE.jar;D:\softinstall\java\apache-maven-3.6.3\my_local_maven_repository\org\apache\tomcat\embed\tomcat-embed-core\8.5.28\tomcat-embed-core-8.5.28.jar;D:\softinstall\java\apache-maven-3.6.3\my_local_maven_repository\org\apache\tomcat\embed\tomcat-embed-el\8.5.28\tomcat-embed-el-8.5.28.jar;D:\softinstall\java\apache-maven-3.6.3\my_local_maven_repository\org\apache\tomcat\embed\tomcat-embed-websocket\8.5.28\tomcat-embed-websocket-8.5.28.jar;D:\softinstall\java\apache-maven-3.6.3\my_local_maven_repository\org\hibernate\validator\hibernate-validator\6.0.7.Final\hibernate-validator-6.0.7.Final.jar;D:\softinstall\java\apache-maven-3.6.3\my_local_maven_repository\javax\validation\validation-api\2.0.1.Final\validation-api-2.0.1.Final.jar;D:\softinstall\java\apache-maven-3.6.3\my_local_maven_repository\org\jboss\logging\jboss-logging\3.3.2.Final\jboss-logging-3.3.2.Final.jar;D:\softinstall\java\apache-maven-3.6.3\my_local_maven_repository\com\fasterxml\classmate\1.3.4\classmate-1.3.4.jar;D:\softinstall\java\apache-maven-3.6.3\my_local_maven_repository\org\springframework\spring-web\5.0.4.RELEASE\spring-web-5.0.4.RELEASE.jar;D:\softinstall\java\apache-maven-3.6.3\my_local_maven_repository\org\springframework\spring-beans\5.0.4.RELEASE\spring-beans-5.0.4.RELEASE.jar;D:\softinstall\java\apache-maven-3.6.3\my_local_maven_repository\org\springframework\spring-webmvc\5.0.4.RELEASE\spring-webmvc-5.0.4.RELEASE.jar;D:\softinstall\java\apache-maven-3.6.3\my_local_maven_repository\org\springframework\spring-aop\5.0.4.RELEASE\spring-aop-5.0.4.RELEASE.jar;D:\softinstall\java\apache-maven-3.6.3\my_local_maven_repository\org\springframework\spring-context\5.0.4.RELEASE\spring-context-5.0.4.RELEASE.jar;D:\softinstall\java\apache-maven-3.6.3\my_local_maven_repository\org\springframework\spring-expression\5.0.4.RELEASE\spring-expression-5.0.4.RELEASE.jar;D:\softinstall\java\apache-maven-3.6.3\my_local_maven_repository\javax\servlet\javax.servlet-api\4.0.0\javax.servlet-api-4.0.0.jar;D:\softinstall\java\apache-maven-3.6.3\my_local_maven_repository\org\springframework\boot\spring-boot-starter-test\2.0.0.RELEASE\spring-boot-starter-test-2.0.0.RELEASE.jar;D:\softinstall\java\apache-maven-3.6.3\my_local_maven_repository\org\springframework\boot\spring-boot-test\2.0.0.RELEASE\spring-boot-test-2.0.0.RELEASE.jar;D:\softinstall\java\apache-maven-3.6.3\my_local_maven_repository\org\springframework\boot\spring-boot-test-autoconfigure\2.0.0.RELEASE\spring-boot-test-autoconfigure-2.0.0.RELEASE.jar;D:\softinstall\java\apache-maven-3.6.3\my_local_maven_repository\com\jayway\jsonpath\json-path\2.4.0\json-path-2.4.0.jar;D:\softinstall\java\apache-maven-3.6.3\my_local_maven_repository\net\minidev\json-smart\2.3\json-smart-2.3.jar;D:\softinstall\java\apache-maven-3.6.3\my_local_maven_repository\net\minidev\accessors-smart\1.2\accessors-smart-1.2.jar;D:\softinstall\java\apache-maven-3.6.3\my_local_maven_repository\org\ow2\asm\asm\5.0.4\asm-5.0.4.jar;D:\softinstall\java\apache-maven-3.6.3\my_local_maven_repository\org\assertj\assertj-core\3.9.1\assertj-core-3.9.1.jar;D:\softinstall\java\apache-maven-3.6.3\my_local_maven_repository\org\mockito\mockito-core\2.15.0\mockito-core-2.15.0.jar;D:\softinstall\java\apache-maven-3.6.3\my_local_maven_repository\net\bytebuddy\byte-buddy\1.7.10\byte-buddy-1.7.10.jar;D:\softinstall\java\apache-maven-3.6.3\my_local_maven_repository\net\bytebuddy\byte-buddy-agent\1.7.10\byte-buddy-agent-1.7.10.jar;D:\softinstall\java\apache-maven-3.6.3\my_local_maven_repository\org\objenesis\objenesis\2.6\objenesis-2.6.jar;D:\softinstall\java\apache-maven-3.6.3\my_local_maven_repository\org\hamcrest\hamcrest-core\1.3\hamcrest-core-1.3.jar;D:\softinstall\java\apache-maven-3.6.3\my_local_maven_repository\org\hamcrest\hamcrest-library\1.3\hamcrest-library-1.3.jar;D:\softinstall\java\apache-maven-3.6.3\my_local_maven_repository\org\skyscreamer\jsonassert\1.5.0\jsonassert-1.5.0.jar;D:\softinstall\java\apache-maven-3.6.3\my_local_maven_repository\com\vaadin\external\google\android-json\0.0.20131108.vaadin1\android-json-0.0.20131108.vaadin1.jar;D:\softinstall\java\apache-maven-3.6.3\my_local_maven_repository\org\springframework\spring-core\5.0.4.RELEASE\spring-core-5.0.4.RELEASE.jar;D:\softinstall\java\apache-maven-3.6.3\my_local_maven_repository\org\springframework\spring-jcl\5.0.4.RELEASE\spring-jcl-5.0.4.RELEASE.jar;D:\softinstall\java\apache-maven-3.6.3\my_local_maven_repository\org\springframework\spring-test\5.0.4.RELEASE\spring-test-5.0.4.RELEASE.jar;D:\softinstall\java\apache-maven-3.6.3\my_local_maven_repository\org\xmlunit\xmlunit-core\2.5.1\xmlunit-core-2.5.1.jar;"/>
    <property name="sun.cpu.endian" value="little"/>
    <property name="user.home" value="C:\Users\liuxk"/>
    <property name="user.language" value="zh"/>
    <property name="java.specification.vendor" value="Oracle Corporation"/>
    <property name="java.home" value="D:\softinstall\java\jdk\jre"/>
    <property name="basedir" value="D:\EclipseWorkSpace\myserver"/>
    <property name="file.separator" value="\"/>
    <property name="line.separator" value="&#10;"/>
    <property name="java.vm.specification.vendor" value="Oracle Corporation"/>
    <property name="java.specification.name" value="Java Platform API Specification"/>
    <property name="java.awt.graphicsenv" value="sun.awt.Win32GraphicsEnvironment"/>
    <property name="surefire.real.class.path" value="C:\Users\liuxk\AppData\Local\Temp\surefire3108997063514248406\surefirebooter6000581634957777169.jar"/>
    <property name="sun.boot.class.path" value="D:\softinstall\java\jdk\jre\lib\resources.jar;D:\softinstall\java\jdk\jre\lib\rt.jar;D:\softinstall\java\jdk\jre\lib\sunrsasign.jar;D:\softinstall\java\jdk\jre\lib\jsse.jar;D:\softinstall\java\jdk\jre\lib\jce.jar;D:\softinstall\java\jdk\jre\lib\charsets.jar;D:\softinstall\java\jdk\jre\lib\jfr.jar;D:\softinstall\java\jdk\jre\classes"/>
    <property name="user.script" value=""/>
    <property name="sun.management.compiler" value="HotSpot 64-Bit Tiered Compilers"/>
    <property name="java.runtime.version" value="1.8.0_181-b13"/>
    <property name="user.name" value="liuxk"/>
    <property name="path.separator" value=";"/>
    <property name="os.version" value="10.0"/>
    <property name="java.endorsed.dirs" value="D:\softinstall\java\jdk\jre\lib\endorsed"/>
    <property name="java.runtime.name" value="Java(TM) SE Runtime Environment"/>
    <property name="file.encoding" value="GBK"/>
    <property name="java.vm.name" value="Java HotSpot(TM) 64-Bit Server VM"/>
    <property name="localRepository" value="D:\softinstall\java\apache-maven-3.6.3\my_local_maven_repository"/>
    <property name="java.vendor.url.bug" value="http://bugreport.sun.com/bugreport/"/>
    <property name="java.io.tmpdir" value="C:\Users\liuxk\AppData\Local\Temp\"/>
    <property name="java.version" value="1.8.0_181"/>
    <property name="user.dir" value="D:\EclipseWorkSpace\myserver"/>
    <property name="os.arch" value="amd64"/>
    <property name="java.vm.specification.name" value="Java Virtual Machine Specification"/>
    <property name="java.awt.printerjob" value="sun.awt.windows.WPrinterJob"/>
    <property name="sun.os.patch.level" value=""/>
    <property name="java.library.path" value="D:\softinstall\java\jdk\jre\bin;C:\WINDOWS\Sun\Java\bin;C:\WINDOWS\system32;C:\WINDOWS;D:/softinstall/java/jre/bin/server;D:/softinstall/java/jre/bin;D:/softinstall/java/jre/lib/amd64;D:\softinstall\SecureCRT\;C:\Program Files (x86)\Common Files\Oracle\Java\javapath;C:\WINDOWS\system32;C:\WINDOWS;C:\WINDOWS\System32\Wbem;C:\WINDOWS\System32\WindowsPowerShell\v1.0\;C:\WINDOWS\System32\OpenSSH\;D:\softinstall\java\jdk\bin;D:\softinstall\java\jdk\jre\bin;D:\softinstall\java\apache-maven-3.6.3\bin;D:\softinstall\PuTTY\;D:\softinstall\Git\Git\cmd;D:\softinstall\mysql-8.0.20-winx64\bin;C:\Users\liuxk\AppData\Local\Microsoft\WindowsApps;;D:\softinstall\java\JavaIDEAL\IntelliJ IDEA Community Edition 2020.1.2\bin;;C:\Users\liuxk\Desktop;;."/>
    <property name="java.vm.info" value="mixed mode"/>
    <property name="java.vendor" value="Oracle Corporation"/>
    <property name="java.vm.version" value="25.181-b13"/>
    <property name="java.ext.dirs" value="D:\softinstall\java\jdk\jre\lib\ext;C:\WINDOWS\Sun\Java\lib\ext"/>
    <property name="sun.io.unicode.encoding" value="UnicodeLittle"/>
    <property name="java.class.version" value="52.0"/>
  </properties>
  <testcase name="testApp" classname="com.shenlan.myserver.AppTest" time="0.001"/>
</testsuite>